<?xml version="1.0" encoding="UTF-8"?>
<testng-results skipped="0" failed="0" ignored="0" total="1" passed="1">
  <reporter-output>
  </reporter-output>
  <suite name="Default suite" duration-ms="2137" started-at="2019-05-26T05:35:29Z" finished-at="2019-05-26T05:35:32Z">
    <groups>
    </groups>
    <test name="Default test" duration-ms="2137" started-at="2019-05-26T05:35:29Z" finished-at="2019-05-26T05:35:32Z">
      <class name="com.authentication.base.premitive">
        <test-method status="PASS" signature="preauth()[pri:0, instance:com.authentication.base.premitive@39aeed2f]" name="preauth" duration-ms="2105" started-at="2019-05-26T05:35:30Z" finished-at="2019-05-26T05:35:32Z">
          <reporter-output>
          </reporter-output>
        </test-method> <!-- preauth -->
      </class> <!-- com.authentication.base.premitive -->
    </test> <!-- Default test -->
  </suite> <!-- Default suite -->
</testng-results>
